This file contains any messages produced by compilers while
running configure, to aid debugging if configure makes a mistake.

It was created by Apertium Kamba configure 0.1.0, which was
generated by GNU Autoconf 2.69.  Invocation command line was

  $ ./configure 

## --------- ##
## Platform. ##
## --------- ##

hostname = Kevins-MacBook-Air.local
uname -m = x86_64
uname -r = 17.2.0
uname -s = Darwin
uname -v = Darwin Kernel Version 17.2.0: Fri Sep 29 18:27:05 PDT 2017; root:xnu-4570.20.62~3/RELEASE_X86_64

/usr/bin/uname -p = i386
/bin/uname -X     = unknown

/bin/arch              = unknown
/usr/bin/arch -k       = unknown
/usr/convex/getsysinfo = unknown
/usr/bin/hostinfo      = Mach kernel version:
	 Darwin Kernel Version 17.2.0: Fri Sep 29 18:27:05 PDT 2017; root:xnu-4570.20.62~3/RELEASE_X86_64
Kernel configured for up to 4 processors.
2 processors are physically available.
4 processors are logically available.
Processor type: x86_64h (Intel x86-64h Haswell)
Processors active: 0 1 2 3
Primary memory available: 4.00 gigabytes
Default processor set: 294 tasks, 1274 threads, 4 processors
Load average: 2.30, Mach factor: 1.71
/bin/machine           = unknown
/usr/bin/oslevel       = unknown
/bin/universe          = unknown

PATH: /opt/local/bin
PATH: /opt/local/sbin
PATH: /Users/user/Library/Python/2.7/bin
PATH: /Library/Frameworks/Python.framework/Versions/3.4/bin
PATH: /usr/local/bin
PATH: /usr/bin
PATH: /bin
PATH: /usr/sbin
PATH: /sbin
PATH: /Library/TeX/texbin
PATH: /usr/local/MacGPG2/bin
PATH: /opt/X11/bin
PATH: /Library/Frameworks/Mono.framework/Versions/Current/Commands
PATH: /usr/local/bin


## ----------- ##
## Core tests. ##
## ----------- ##

configure:1793: checking for a BSD-compatible install
configure:1861: result: /usr/bin/install -c
configure:1872: checking whether build environment is sane
configure:1927: result: yes
configure:2078: checking for a thread-safe mkdir -p
configure:2117: result: ./install-sh -c -d
configure:2124: checking for gawk
configure:2140: found /opt/local/bin/gawk
configure:2151: result: gawk
configure:2162: checking whether make sets $(MAKE)
configure:2184: result: yes
configure:2213: checking whether make supports nested variables
configure:2230: result: yes
configure:2357: checking whether ln -s works
configure:2361: result: yes
configure:2372: checking for gawk
configure:2399: result: gawk
configure:2473: checking for pkg-config
configure:2491: found /opt/local/bin/pkg-config
configure:2503: result: /opt/local/bin/pkg-config
configure:2528: checking pkg-config is at least version 0.9.0
configure:2531: result: yes
configure:2650: checking for apertium >= 3.4.0
configure:2657: $PKG_CONFIG --exists --print-errors "apertium >= 3.4.0"
configure:2660: $? = 0
configure:2674: $PKG_CONFIG --exists --print-errors "apertium >= 3.4.0"
configure:2677: $? = 0
configure:2735: result: yes
configure:2742: checking for hfst-lexc
configure:2760: found /usr/local/bin/hfst-lexc
configure:2773: result: /usr/local/bin/hfst-lexc
configure:2787: checking for hfst-twolc
configure:2805: found /usr/local/bin/hfst-twolc
configure:2818: result: /usr/local/bin/hfst-twolc
configure:2832: checking for cg-comp
configure:2850: found /usr/local/bin/cg-comp
configure:2863: result: /usr/local/bin/cg-comp
configure:3088: checking that generated files are newer than configure
configure:3094: result: done
configure:3106: creating ./config.status

## ---------------------- ##
## Running config.status. ##
## ---------------------- ##

This file was extended by Apertium Kamba config.status 0.1.0, which was
generated by GNU Autoconf 2.69.  Invocation command line was

  CONFIG_FILES    = 
  CONFIG_HEADERS  = 
  CONFIG_LINKS    = 
  CONFIG_COMMANDS = 
  $ ./config.status 

on Kevins-MacBook-Air.local

config.status:785: creating Makefile
config.status:785: creating apertium-kam.pc

## ---------------- ##
## Cache variables. ##
## ---------------- ##

ac_cv_env_APERTIUM_CFLAGS_set=
ac_cv_env_APERTIUM_CFLAGS_value=
ac_cv_env_APERTIUM_LIBS_set=
ac_cv_env_APERTIUM_LIBS_value=
ac_cv_env_HFSTOSPELL_CFLAGS_set=
ac_cv_env_HFSTOSPELL_CFLAGS_value=
ac_cv_env_HFSTOSPELL_LIBS_set=
ac_cv_env_HFSTOSPELL_LIBS_value=
ac_cv_env_PKG_CONFIG_LIBDIR_set=
ac_cv_env_PKG_CONFIG_LIBDIR_value=
ac_cv_env_PKG_CONFIG_PATH_set=set
ac_cv_env_PKG_CONFIG_PATH_value=/usr/local/lib/pkgconfig::/usr/local/share/pkgconfig:/usr/local/lib/pkgconfig
ac_cv_env_PKG_CONFIG_set=
ac_cv_env_PKG_CONFIG_value=
ac_cv_env_build_alias_set=
ac_cv_env_build_alias_value=
ac_cv_env_host_alias_set=
ac_cv_env_host_alias_value=
ac_cv_env_target_alias_set=
ac_cv_env_target_alias_value=
ac_cv_path_CGCOMP=/usr/local/bin/cg-comp
ac_cv_path_HFSTLEXC=/usr/local/bin/hfst-lexc
ac_cv_path_HFSTTWOLC=/usr/local/bin/hfst-twolc
ac_cv_path_ac_pt_PKG_CONFIG=/opt/local/bin/pkg-config
ac_cv_path_install='/usr/bin/install -c'
ac_cv_prog_AWK=gawk
ac_cv_prog_make_make_set=yes
am_cv_make_support_nested_variables=yes
pkg_cv_APERTIUM_CFLAGS='-I/usr/local/include/apertium-3.4 -I/usr/local/lib/apertium-3.4/include -I/usr/local/include/lttoolbox-3.3 -I/usr/local/lib/lttoolbox-3.3/include -I/opt/local/include/libxml2 -I/opt/local/include'
pkg_cv_APERTIUM_LIBS='-L/usr/local/lib -L/opt/local/lib -lapertium3 -llttoolbox3 -lxml2 -lpcre'

## ----------------- ##
## Output variables. ##
## ----------------- ##

ACLOCAL='${SHELL} /Users/user/work/apertium/dicts/ling073-kam/missing aclocal-1.15'
AMTAR='$${TAR-tar}'
AM_BACKSLASH='\'
AM_DEFAULT_V='$(AM_DEFAULT_VERBOSITY)'
AM_DEFAULT_VERBOSITY='1'
AM_V='$(V)'
APERTIUM_CFLAGS='-I/usr/local/include/apertium-3.4 -I/usr/local/lib/apertium-3.4/include -I/usr/local/include/lttoolbox-3.3 -I/usr/local/lib/lttoolbox-3.3/include -I/opt/local/include/libxml2 -I/opt/local/include'
APERTIUM_LIBS='-L/usr/local/lib -L/opt/local/lib -lapertium3 -llttoolbox3 -lxml2 -lpcre'
AUTOCONF='${SHELL} /Users/user/work/apertium/dicts/ling073-kam/missing autoconf'
AUTOHEADER='${SHELL} /Users/user/work/apertium/dicts/ling073-kam/missing autoheader'
AUTOMAKE='${SHELL} /Users/user/work/apertium/dicts/ling073-kam/missing automake-1.15'
AWK='gawk'
CGCOMP='/usr/local/bin/cg-comp'
CYGPATH_W='echo'
DEFS='-DPACKAGE_NAME=\"Apertium\ Kamba\" -DPACKAGE_TARNAME=\"apertium-kam\" -DPACKAGE_VERSION=\"0.1.0\" -DPACKAGE_STRING=\"Apertium\ Kamba\ 0.1.0\" -DPACKAGE_BUGREPORT=\"kmurphy4@swarthmore.edu\" -DPACKAGE_URL=\"http://wiki.apertium.org/wiki/Apertium-kam\" -DPACKAGE=\"apertium-kam\" -DVERSION=\"0.1.0\"'
ECHO_C='\c'
ECHO_N=''
ECHO_T=''
HAVE_HFSTOSPELL_FALSE=''
HAVE_HFSTOSPELL_TRUE='#'
HFSTLEXC='/usr/local/bin/hfst-lexc'
HFSTOSPELL_CFLAGS=''
HFSTOSPELL_LIBS=''
HFSTTWOLC='/usr/local/bin/hfst-twolc'
INSTALL_DATA='${INSTALL} -m 644'
INSTALL_PROGRAM='${INSTALL}'
INSTALL_SCRIPT='${INSTALL}'
INSTALL_STRIP_PROGRAM='$(install_sh) -c -s'
LIBOBJS=''
LIBS=''
LN_S='ln -s'
LTLIBOBJS=''
MAKEINFO='${SHELL} /Users/user/work/apertium/dicts/ling073-kam/missing makeinfo'
MKDIR_P='./install-sh -c -d'
PACKAGE='apertium-kam'
PACKAGE_BUGREPORT='kmurphy4@swarthmore.edu'
PACKAGE_NAME='Apertium Kamba'
PACKAGE_STRING='Apertium Kamba 0.1.0'
PACKAGE_TARNAME='apertium-kam'
PACKAGE_URL='http://wiki.apertium.org/wiki/Apertium-kam'
PACKAGE_VERSION='0.1.0'
PATH_SEPARATOR=':'
PKG_CONFIG='/opt/local/bin/pkg-config'
PKG_CONFIG_LIBDIR=''
PKG_CONFIG_PATH='/usr/local/lib/pkgconfig::/usr/local/share/pkgconfig:/usr/local/lib/pkgconfig'
SET_MAKE=''
SHELL='/bin/sh'
STRIP=''
VERSION='0.1.0'
am__isrc=''
am__leading_dot='.'
am__tar='$${TAR-tar} chof - "$$tardir"'
am__untar='$${TAR-tar} xf -'
bindir='${exec_prefix}/bin'
build_alias=''
datadir='${datarootdir}'
datarootdir='${prefix}/share'
docdir='${datarootdir}/doc/${PACKAGE_TARNAME}'
dvidir='${docdir}'
exec_prefix='${prefix}'
host_alias=''
htmldir='${docdir}'
includedir='${prefix}/include'
infodir='${datarootdir}/info'
install_sh='${SHELL} /Users/user/work/apertium/dicts/ling073-kam/install-sh'
libdir='${exec_prefix}/lib'
libexecdir='${exec_prefix}/libexec'
localedir='${datarootdir}/locale'
localstatedir='${prefix}/var'
mandir='${datarootdir}/man'
mkdir_p='$(MKDIR_P)'
oldincludedir='/usr/include'
pdfdir='${docdir}'
prefix='/usr/local'
program_transform_name='s,x,x,'
psdir='${docdir}'
sbindir='${exec_prefix}/sbin'
sharedstatedir='${prefix}/com'
sysconfdir='${prefix}/etc'
target_alias=''

## ------------------- ##
## File substitutions. ##
## ------------------- ##

ap_include='./ap_include.am'

## ----------- ##
## confdefs.h. ##
## ----------- ##

/* confdefs.h */
#define PACKAGE_NAME "Apertium Kamba"
#define PACKAGE_TARNAME "apertium-kam"
#define PACKAGE_VERSION "0.1.0"
#define PACKAGE_STRING "Apertium Kamba 0.1.0"
#define PACKAGE_BUGREPORT "kmurphy4@swarthmore.edu"
#define PACKAGE_URL "http://wiki.apertium.org/wiki/Apertium-kam"
#define PACKAGE "apertium-kam"
#define VERSION "0.1.0"

configure: exit 0
